<?xml version="1.0" encoding="UTF-8"?>
<!-- Generated by org.testng.reporters.JUnitXMLReporter -->
<testsuite hostname="BSCWL751628" name="testCreateNewPage" tests="1" failures="1" timestamp="26 Nov 2014 18:21:56 GMT" time="24.4" errors="0">
  <testcase name="testCreateNewPage" time="4.07" classname="tests.SmokeTests">
    <failure type="java.lang.NullPointerException">
      <![CDATA[java.lang.NullPointerException
	at org.openqa.selenium.interactions.Actions.<init>(Actions.java:41)
	at pages.LoginPage.<init>(LoginPage.java:15)
	at pages.HomePage.selectLoginLink(HomePage.java:37)
	at tests.SmokeTests.testCreateNewPage(SmokeTests.java:57)
... Removed 24 stack frames]]>
    </failure>
  </testcase> <!-- testCreateNewPage -->
</testsuite> <!-- testCreateNewPage -->
